<?xml version="1.0" encoding="UTF-8"?>
<!-- Generated by org.testng.reporters.JUnitXMLReporter -->
<testsuite hostname="Naveen-PC" name="ChromeTest" tests="1" failures="0" timestamp="31 Oct 2015 02:59:03 GMT" time="0.378" errors="0">
  <testcase name="@BeforeTest before_Test" time="0.0" classname="com.simple.Cross_Browser_Testing">
    <failure type="org.openqa.selenium.WebDriverException" message="java.io.IOException: Cannot run program &amp;quot;C:\Users\Naveen\Local Settings\Application Data\Google\Chrome\Application\chrome.exe&amp;quot;: CreateProcess error=2, The system cannot find the file specified
System info: os.name: &amp;apos;Windows 7&amp;apos;, os.arch: &amp;apos;amd64&amp;apos;, os.version: &amp;apos;6.1&amp;apos;, java.version: &amp;apos;1.7.0_75&amp;apos;
Driver info: driver.version: chrome">
      <![CDATA[org.openqa.selenium.WebDriverException: java.io.IOException: Cannot run program "C:\Users\Naveen\Local Settings\Application Data\Google\Chrome\Application\chrome.exe": CreateProcess error=2, The system cannot find the file specified
System info: os.name: 'Windows 7', os.arch: 'amd64', os.version: '6.1', java.version: '1.7.0_75'
Driver info: driver.version: chrome
	at org.openqa.selenium.chrome.ChromeBinary.start(ChromeBinary.java:55)
	at org.openqa.selenium.chrome.ChromeDriver.startClient(ChromeDriver.java:75)
	at org.openqa.selenium.chrome.ChromeDriver.<init>(ChromeDriver.java:50)
	at org.openqa.selenium.chrome.ChromeDriver.<init>(ChromeDriver.java:60)
	at com.simple.Cross_Browser_Testing.before_Test(Cross_Browser_Testing.java:46)
	at java.util.concurrent.FutureTask.run(Unknown Source)
	at java.util.concurrent.ThreadPoolExecutor.runWorker(Unknown Source)
	at java.util.concurrent.ThreadPoolExecutor$Worker.run(Unknown Source)
	at java.lang.Thread.run(Unknown Source)
Caused by: java.io.IOException: Cannot run program "C:\Users\Naveen\Local Settings\Application Data\Google\Chrome\Application\chrome.exe": CreateProcess error=2, The system cannot find the file specified
	at java.lang.ProcessBuilder.start(Unknown Source)
	at org.openqa.selenium.chrome.ChromeBinary.start(ChromeBinary.java:41)
	... 22 more
Caused by: java.io.IOException: CreateProcess error=2, The system cannot find the file specified
	at java.lang.ProcessImpl.create(Native Method)
	at java.lang.ProcessImpl.<init>(Unknown Source)
	at java.lang.ProcessImpl.start(Unknown Source)
	... 24 more
... Removed 14 stack frames]]>
    </failure>
  </testcase> <!-- @BeforeTest before_Test -->
  <testcase name="First_test" time="0.001" classname="com.simple.Cross_Browser_Testing">
    <skipped/>
  </testcase> <!-- First_test -->
</testsuite> <!-- ChromeTest -->
