<?xml version="1.0" encoding="UTF-8"?>
<!-- Generated by org.testng.reporters.JUnitXMLReporter -->
<testsuite hostname="Naveen-PC" name="FirefoxTest" tests="1" failures="0" timestamp="31 Oct 2015 02:59:02 GMT" time="0.148" errors="0">
  <testcase name="@BeforeTest before_Test" time="0.0" classname="com.simple.Cross_Browser_Testing">
    <failure type="org.openqa.selenium.WebDriverException" message="Cannot find firefox binary in PATH. Make sure firefox is installed. OS appears to be: XP
System info: os.name: &amp;apos;Windows 7&amp;apos;, os.arch: &amp;apos;amd64&amp;apos;, os.version: &amp;apos;6.1&amp;apos;, java.version: &amp;apos;1.7.0_75&amp;apos;
Driver info: driver.version: firefox">
      <![CDATA[org.openqa.selenium.WebDriverException: Cannot find firefox binary in PATH. Make sure firefox is installed. OS appears to be: XP
System info: os.name: 'Windows 7', os.arch: 'amd64', os.version: '6.1', java.version: '1.7.0_75'
Driver info: driver.version: firefox
	at org.openqa.selenium.firefox.internal.Executable.<init>(Executable.java:48)
	at org.openqa.selenium.firefox.FirefoxBinary.<init>(FirefoxBinary.java:56)
	at org.openqa.selenium.firefox.FirefoxBinary.<init>(FirefoxBinary.java:52)
	at org.openqa.selenium.firefox.FirefoxDriver.<init>(FirefoxDriver.java:109)
	at com.simple.Cross_Browser_Testing.before_Test(Cross_Browser_Testing.java:31)
	at java.util.concurrent.FutureTask.run(Unknown Source)
	at java.util.concurrent.ThreadPoolExecutor.runWorker(Unknown Source)
	at java.util.concurrent.ThreadPoolExecutor$Worker.run(Unknown Source)
	at java.lang.Thread.run(Unknown Source)
... Removed 14 stack frames]]>
    </failure>
  </testcase> <!-- @BeforeTest before_Test -->
  <testcase name="First_test" time="0.002" classname="com.simple.Cross_Browser_Testing">
    <skipped/>
  </testcase> <!-- First_test -->
</testsuite> <!-- FirefoxTest -->
